--- Copying files at Wed Dec 10 03:18:05 UTC 2025
--- Copied files finished at Wed Dec 10 03:18:06 UTC 2025
--- Copying files at Wed Dec 10 03:52:36 UTC 2025
--- Copied files finished at Wed Dec 10 03:52:36 UTC 2025
--- Copying files at Wed Dec 10 04:06:08 UTC 2025
--- Copied files finished at Wed Dec 10 04:06:08 UTC 2025
--- Copying files at Wed Dec 10 15:00:38 UTC 2025
--- Copied files finished at Wed Dec 10 15:00:38 UTC 2025
--- Copying files at Wed Dec 10 15:10:48 UTC 2025
--- Copied files finished at Wed Dec 10 15:10:48 UTC 2025
--- Copying files at Thu Dec 11 08:56:48 UTC 2025
--- Copied files finished at Thu Dec 11 08:56:48 UTC 2025
--- Copying files at Thu Dec 11 08:58:17 UTC 2025
--- Copied files finished at Thu Dec 11 08:58:17 UTC 2025
--- Copying files at Thu Dec 11 09:22:11 UTC 2025
--- Copied files finished at Thu Dec 11 09:22:11 UTC 2025
--- Copying files at Thu Dec 11 12:08:52 UTC 2025
--- Copied files finished at Thu Dec 11 12:08:52 UTC 2025
--- Copying files at Thu Dec 11 22:05:06 UTC 2025
--- Copied files finished at Thu Dec 11 22:05:06 UTC 2025
--- Copying files at Thu Dec 11 22:23:03 UTC 2025
--- Copied files finished at Thu Dec 11 22:23:03 UTC 2025
--- Copying files at Thu Dec 11 23:24:23 UTC 2025
--- Copied files finished at Thu Dec 11 23:24:23 UTC 2025
--- Copying files at Thu Dec 11 23:40:33 UTC 2025
--- Copied files finished at Thu Dec 11 23:40:34 UTC 2025
--- Copying files at Thu Dec 11 23:54:24 UTC 2025
--- Copied files finished at Thu Dec 11 23:54:25 UTC 2025
--- Copying files at Sat Dec 13 01:43:22 UTC 2025
--- Copied files finished at Sat Dec 13 01:43:23 UTC 2025
--- Copying files at Sat Dec 13 01:49:31 UTC 2025
--- Copied files finished at Sat Dec 13 01:49:31 UTC 2025
--- Copying files at Sat Dec 13 02:46:05 UTC 2025
--- Copied files finished at Sat Dec 13 02:46:05 UTC 2025
--- Copying files at Sat Dec 13 03:30:01 UTC 2025
--- Copied files finished at Sat Dec 13 03:30:01 UTC 2025
--- Copying files at Sat Dec 13 03:50:59 UTC 2025
--- Copied files finished at Sat Dec 13 03:50:59 UTC 2025
--- Copying files at Sat Dec 13 03:52:09 UTC 2025
--- Copied files finished at Sat Dec 13 03:52:09 UTC 2025
--- Copying files at Sat Dec 13 05:12:31 UTC 2025
--- Copied files finished at Sat Dec 13 05:12:34 UTC 2025
